<?xml version="1.0" encoding="utf-8"?>
<CoverageSession xmlns:xsd="http://www.w3.org/2001/XMLSchema" xmlns:xsi="http://www.w3.org/2001/XMLSchema-instance" Version="0.0.0.0">
  <Summary numSequencePoints="89" visitedSequencePoints="0" numBranchPoints="0" visitedBranchPoints="0" sequenceCoverage="0.0" branchCoverage="0.0" maxCyclomaticComplexity="0" minCyclomaticComplexity="0" maxCrapScore="0" minCrapScore="0" visitedClasses="0" numClasses="5" visitedMethods="0" numMethods="20" />
  <Modules>
    <Module>
      <Summary numSequencePoints="75" visitedSequencePoints="0" numBranchPoints="0" visitedBranchPoints="0" sequenceCoverage="0.0" branchCoverage="0.0" maxCyclomaticComplexity="0" minCyclomaticComplexity="0" maxCrapScore="0" minCrapScore="0" visitedClasses="0" numClasses="3" visitedMethods="0" numMethods="14" />
      <ModuleTime>0001-01-01T00:00:00</ModuleTime>
      <ModuleName>PortalDefendersAR.GameStates</ModuleName>
      <Files>
        <File uid="1" fullPath="C:/WORK/UNITY/Portal Defenders AR/Assets/Scripts/GameState/GameStateMachine.cs" />
        <File uid="2" fullPath="C:/WORK/UNITY/Portal Defenders AR/Assets/Scripts/GameState/PlacingObjectState.cs" />
        <File uid="3" fullPath="C:/WORK/UNITY/Portal Defenders AR/Assets/Scripts/GameState/PlayingState.cs" />
      </Files>
      <Classes>
        <Class>
          <Summary numSequencePoints="31" visitedSequencePoints="0" numBranchPoints="0" visitedBranchPoints="0" sequenceCoverage="0.0" branchCoverage="0.0" maxCyclomaticComplexity="0" minCyclomaticComplexity="0" maxCrapScore="0" minCrapScore="0" visitedClasses="0" numClasses="1" visitedMethods="0" numMethods="5" />
          <FullName>PortalDefendersAR.GameStates.GameStateMachine</FullName>
          <Methods>
            <Method visited="false" cyclomaticComplexity="0" nPathComplexity="0" sequenceCoverage="0.0" branchCoverage="0" crapScore="0" isConstructor="false" isStatic="false" isGetter="false" isSetter="false">
              <Summary numSequencePoints="3" visitedSequencePoints="0" numBranchPoints="0" visitedBranchPoints="0" sequenceCoverage="0.0" branchCoverage="0" maxCyclomaticComplexity="0" minCyclomaticComplexity="0" maxCrapScore="0" minCrapScore="0" visitedClasses="0" numClasses="0" visitedMethods="0" numMethods="1" />
              <MetadataToken>100663300</MetadataToken>
              <Name>System.Void PortalDefendersAR.GameStates.GameStateMachine::Initialize()</Name>
              <FileRef uid="1" />
              <SequencePoints>
                <SequencePoint vc="0" uspid="1" ordinal="0" offset="0" sl="23" sc="0" el="23" ec="0" bec="0" bev="0" fileid="1" />
                <SequencePoint vc="0" uspid="2" ordinal="0" offset="1" sl="24" sc="0" el="24" ec="0" bec="0" bev="0" fileid="1" />
                <SequencePoint vc="0" uspid="3" ordinal="0" offset="13" sl="25" sc="0" el="25" ec="0" bec="0" bev="0" fileid="1" />
              </SequencePoints>
              <BranchPoints />
            </Method>
            <Method visited="false" cyclomaticComplexity="0" nPathComplexity="0" sequenceCoverage="0.0" branchCoverage="0" crapScore="0" isConstructor="false" isStatic="false" isGetter="false" isSetter="false">
              <Summary numSequencePoints="7" visitedSequencePoints="0" numBranchPoints="0" visitedBranchPoints="0" sequenceCoverage="0.0" branchCoverage="0" maxCyclomaticComplexity="0" minCyclomaticComplexity="0" maxCrapScore="0" minCrapScore="0" visitedClasses="0" numClasses="0" visitedMethods="0" numMethods="1" />
              <MetadataToken>100663301</MetadataToken>
              <Name>System.Void PortalDefendersAR.GameStates.GameStateMachine::Tick()</Name>
              <FileRef uid="1" />
              <SequencePoints>
                <SequencePoint vc="0" uspid="4" ordinal="0" offset="0" sl="28" sc="0" el="28" ec="0" bec="0" bev="0" fileid="1" />
                <SequencePoint vc="0" uspid="5" ordinal="0" offset="1" sl="29" sc="0" el="29" ec="0" bec="0" bev="0" fileid="1" />
                <SequencePoint vc="0" uspid="6" ordinal="0" offset="13" sl="32" sc="0" el="32" ec="0" bec="0" bev="0" fileid="1" />
                <SequencePoint vc="0" uspid="7" ordinal="0" offset="21" sl="33" sc="0" el="33" ec="0" bec="0" bev="0" fileid="1" />
                <SequencePoint vc="0" uspid="8" ordinal="0" offset="22" sl="34" sc="0" el="34" ec="0" bec="0" bev="0" fileid="1" />
                <SequencePoint vc="0" uspid="9" ordinal="0" offset="30" sl="35" sc="0" el="35" ec="0" bec="0" bev="0" fileid="1" />
                <SequencePoint vc="0" uspid="10" ordinal="0" offset="31" sl="36" sc="0" el="36" ec="0" bec="0" bev="0" fileid="1" />
              </SequencePoints>
              <BranchPoints />
            </Method>
            <Method visited="false" cyclomaticComplexity="0" nPathComplexity="0" sequenceCoverage="0.0" branchCoverage="0" crapScore="0" isConstructor="false" isStatic="false" isGetter="false" isSetter="false">
              <Summary numSequencePoints="9" visitedSequencePoints="0" numBranchPoints="0" visitedBranchPoints="0" sequenceCoverage="0.0" branchCoverage="0" maxCyclomaticComplexity="0" minCyclomaticComplexity="0" maxCrapScore="0" minCrapScore="0" visitedClasses="0" numClasses="0" visitedMethods="0" numMethods="1" />
              <MetadataToken>100663302</MetadataToken>
              <Name>System.Void PortalDefendersAR.GameStates.GameStateMachine::ChangeState(PortalDefendersAR.GameStates.GameState)</Name>
              <FileRef uid="1" />
              <SequencePoints>
                <SequencePoint vc="0" uspid="11" ordinal="0" offset="0" sl="39" sc="0" el="39" ec="0" bec="0" bev="0" fileid="1" />
                <SequencePoint vc="0" uspid="12" ordinal="0" offset="1" sl="40" sc="0" el="40" ec="0" bec="0" bev="0" fileid="1" />
                <SequencePoint vc="0" uspid="13" ordinal="0" offset="17" sl="41" sc="0" el="41" ec="0" bec="0" bev="0" fileid="1" />
                <SequencePoint vc="0" uspid="14" ordinal="0" offset="18" sl="42" sc="0" el="42" ec="0" bec="0" bev="0" fileid="1" />
                <SequencePoint vc="0" uspid="15" ordinal="0" offset="31" sl="43" sc="0" el="43" ec="0" bec="0" bev="0" fileid="1" />
                <SequencePoint vc="0" uspid="16" ordinal="0" offset="39" sl="44" sc="0" el="44" ec="0" bec="0" bev="0" fileid="1" />
                <SequencePoint vc="0" uspid="17" ordinal="0" offset="42" sl="46" sc="0" el="46" ec="0" bec="0" bev="0" fileid="1" />
                <SequencePoint vc="0" uspid="18" ordinal="0" offset="43" sl="47" sc="0" el="47" ec="0" bec="0" bev="0" fileid="1" />
                <SequencePoint vc="0" uspid="19" ordinal="0" offset="65" sl="49" sc="0" el="49" ec="0" bec="0" bev="0" fileid="1" />
              </SequencePoints>
              <BranchPoints />
            </Method>
            <Method visited="false" cyclomaticComplexity="0" nPathComplexity="0" sequenceCoverage="0.0" branchCoverage="0" crapScore="0" isConstructor="false" isStatic="false" isGetter="false" isSetter="false">
              <Summary numSequencePoints="5" visitedSequencePoints="0" numBranchPoints="0" visitedBranchPoints="0" sequenceCoverage="0.0" branchCoverage="0" maxCyclomaticComplexity="0" minCyclomaticComplexity="0" maxCrapScore="0" minCrapScore="0" visitedClasses="0" numClasses="0" visitedMethods="0" numMethods="1" />
              <MetadataToken>100663303</MetadataToken>
              <Name>System.Void PortalDefendersAR.GameStates.GameStateMachine::TransitionToNextState(PortalDefendersAR.GameStates.IGameState)</Name>
              <FileRef uid="1" />
              <SequencePoints>
                <SequencePoint vc="0" uspid="20" ordinal="0" offset="0" sl="52" sc="0" el="52" ec="0" bec="0" bev="0" fileid="1" />
                <SequencePoint vc="0" uspid="21" ordinal="0" offset="1" sl="53" sc="0" el="53" ec="0" bec="0" bev="0" fileid="1" />
                <SequencePoint vc="0" uspid="22" ordinal="0" offset="13" sl="54" sc="0" el="54" ec="0" bec="0" bev="0" fileid="1" />
                <SequencePoint vc="0" uspid="23" ordinal="0" offset="20" sl="55" sc="0" el="55" ec="0" bec="0" bev="0" fileid="1" />
                <SequencePoint vc="0" uspid="24" ordinal="0" offset="32" sl="56" sc="0" el="56" ec="0" bec="0" bev="0" fileid="1" />
              </SequencePoints>
              <BranchPoints />
            </Method>
            <Method visited="false" cyclomaticComplexity="0" nPathComplexity="0" sequenceCoverage="0.0" branchCoverage="0" crapScore="0" isConstructor="true" isStatic="false" isGetter="false" isSetter="false">
              <Summary numSequencePoints="7" visitedSequencePoints="0" numBranchPoints="0" visitedBranchPoints="0" sequenceCoverage="0.0" branchCoverage="0" maxCyclomaticComplexity="0" minCyclomaticComplexity="0" maxCrapScore="0" minCrapScore="0" visitedClasses="0" numClasses="0" visitedMethods="0" numMethods="1" />
              <MetadataToken>100663299</MetadataToken>
              <Name>PortalDefendersAR.GameStates.GameStateMachine::GameStateMachine(PortalDefendersAR.GameStates.IGameState, PortalDefendersAR.GameStates.IGameState)</Name>
              <FileRef uid="1" />
              <SequencePoints>
                <SequencePoint vc="0" uspid="25" ordinal="0" offset="0" sl="11" sc="0" el="11" ec="0" bec="0" bev="0" fileid="1" />
                <SequencePoint vc="0" uspid="26" ordinal="0" offset="11" sl="14" sc="0" el="14" ec="0" bec="0" bev="0" fileid="1" />
                <SequencePoint vc="0" uspid="27" ordinal="0" offset="18" sl="16" sc="0" el="16" ec="0" bec="0" bev="0" fileid="1" />
                <SequencePoint vc="0" uspid="28" ordinal="0" offset="19" sl="17" sc="0" el="17" ec="0" bec="0" bev="0" fileid="1" />
                <SequencePoint vc="0" uspid="29" ordinal="0" offset="26" sl="18" sc="0" el="18" ec="0" bec="0" bev="0" fileid="1" />
                <SequencePoint vc="0" uspid="30" ordinal="0" offset="40" sl="19" sc="0" el="19" ec="0" bec="0" bev="0" fileid="1" />
                <SequencePoint vc="0" uspid="31" ordinal="0" offset="54" sl="20" sc="0" el="20" ec="0" bec="0" bev="0" fileid="1" />
              </SequencePoints>
              <BranchPoints />
            </Method>
          </Methods>
        </Class>
        <Class>
          <Summary numSequencePoints="38" visitedSequencePoints="0" numBranchPoints="0" visitedBranchPoints="0" sequenceCoverage="0.0" branchCoverage="0.0" maxCyclomaticComplexity="0" minCyclomaticComplexity="0" maxCrapScore="0" minCrapScore="0" visitedClasses="0" numClasses="1" visitedMethods="0" numMethods="6" />
          <FullName>PortalDefendersAR.GameStates.PlacingObjectState</FullName>
          <Methods>
            <Method visited="false" cyclomaticComplexity="0" nPathComplexity="0" sequenceCoverage="0.0" branchCoverage="0" crapScore="0" isConstructor="false" isStatic="false" isGetter="false" isSetter="false">
              <Summary numSequencePoints="3" visitedSequencePoints="0" numBranchPoints="0" visitedBranchPoints="0" sequenceCoverage="0.0" branchCoverage="0" maxCyclomaticComplexity="0" minCyclomaticComplexity="0" maxCrapScore="0" minCrapScore="0" visitedClasses="0" numClasses="0" visitedMethods="0" numMethods="1" />
              <MetadataToken>100663308</MetadataToken>
              <Name>System.Void PortalDefendersAR.GameStates.PlacingObjectState::Enter()</Name>
              <FileRef uid="2" />
              <SequencePoints>
                <SequencePoint vc="0" uspid="32" ordinal="0" offset="0" sl="29" sc="0" el="29" ec="0" bec="0" bev="0" fileid="2" />
                <SequencePoint vc="0" uspid="33" ordinal="0" offset="1" sl="30" sc="0" el="30" ec="0" bec="0" bev="0" fileid="2" />
                <SequencePoint vc="0" uspid="34" ordinal="0" offset="8" sl="31" sc="0" el="31" ec="0" bec="0" bev="0" fileid="2" />
              </SequencePoints>
              <BranchPoints />
            </Method>
            <Method visited="false" cyclomaticComplexity="0" nPathComplexity="0" sequenceCoverage="0.0" branchCoverage="0" crapScore="0" isConstructor="false" isStatic="false" isGetter="false" isSetter="false">
              <Summary numSequencePoints="3" visitedSequencePoints="0" numBranchPoints="0" visitedBranchPoints="0" sequenceCoverage="0.0" branchCoverage="0" maxCyclomaticComplexity="0" minCyclomaticComplexity="0" maxCrapScore="0" minCrapScore="0" visitedClasses="0" numClasses="0" visitedMethods="0" numMethods="1" />
              <MetadataToken>100663309</MetadataToken>
              <Name>System.Void PortalDefendersAR.GameStates.PlacingObjectState::Exit()</Name>
              <FileRef uid="2" />
              <SequencePoints>
                <SequencePoint vc="0" uspid="35" ordinal="0" offset="0" sl="34" sc="0" el="34" ec="0" bec="0" bev="0" fileid="2" />
                <SequencePoint vc="0" uspid="36" ordinal="0" offset="1" sl="35" sc="0" el="35" ec="0" bec="0" bev="0" fileid="2" />
                <SequencePoint vc="0" uspid="37" ordinal="0" offset="12" sl="36" sc="0" el="36" ec="0" bec="0" bev="0" fileid="2" />
              </SequencePoints>
              <BranchPoints />
            </Method>
            <Method visited="false" cyclomaticComplexity="0" nPathComplexity="0" sequenceCoverage="0.0" branchCoverage="0" crapScore="0" isConstructor="false" isStatic="false" isGetter="false" isSetter="false">
              <Summary numSequencePoints="6" visitedSequencePoints="0" numBranchPoints="0" visitedBranchPoints="0" sequenceCoverage="0.0" branchCoverage="0" maxCyclomaticComplexity="0" minCyclomaticComplexity="0" maxCrapScore="0" minCrapScore="0" visitedClasses="0" numClasses="0" visitedMethods="0" numMethods="1" />
              <MetadataToken>100663310</MetadataToken>
              <Name>PortalDefendersAR.GameStates.GameState PortalDefendersAR.GameStates.PlacingObjectState::Tick()</Name>
              <FileRef uid="2" />
              <SequencePoints>
                <SequencePoint vc="0" uspid="38" ordinal="0" offset="0" sl="39" sc="0" el="39" ec="0" bec="0" bev="0" fileid="2" />
                <SequencePoint vc="0" uspid="39" ordinal="0" offset="1" sl="40" sc="0" el="40" ec="0" bec="0" bev="0" fileid="2" />
                <SequencePoint vc="0" uspid="40" ordinal="0" offset="22" sl="44" sc="0" el="44" ec="0" bec="0" bev="0" fileid="2" />
                <SequencePoint vc="0" uspid="41" ordinal="0" offset="31" sl="47" sc="0" el="47" ec="0" bec="0" bev="0" fileid="2" />
                <SequencePoint vc="0" uspid="42" ordinal="0" offset="35" sl="49" sc="0" el="49" ec="0" bec="0" bev="0" fileid="2" />
                <SequencePoint vc="0" uspid="43" ordinal="0" offset="39" sl="51" sc="0" el="51" ec="0" bec="0" bev="0" fileid="2" />
              </SequencePoints>
              <BranchPoints />
            </Method>
            <Method visited="false" cyclomaticComplexity="0" nPathComplexity="0" sequenceCoverage="0.0" branchCoverage="0" crapScore="0" isConstructor="false" isStatic="false" isGetter="false" isSetter="false">
              <Summary numSequencePoints="10" visitedSequencePoints="0" numBranchPoints="0" visitedBranchPoints="0" sequenceCoverage="0.0" branchCoverage="0" maxCyclomaticComplexity="0" minCyclomaticComplexity="0" maxCrapScore="0" minCrapScore="0" visitedClasses="0" numClasses="0" visitedMethods="0" numMethods="1" />
              <MetadataToken>100663311</MetadataToken>
              <Name>PortalDefendersAR.GameStates.GameState PortalDefendersAR.GameStates.PlacingObjectState::HandlePlacingObject()</Name>
              <FileRef uid="2" />
              <SequencePoints>
                <SequencePoint vc="0" uspid="44" ordinal="0" offset="0" sl="54" sc="0" el="54" ec="0" bec="0" bev="0" fileid="2" />
                <SequencePoint vc="0" uspid="45" ordinal="0" offset="1" sl="55" sc="0" el="55" ec="0" bec="0" bev="0" fileid="2" />
                <SequencePoint vc="0" uspid="46" ordinal="0" offset="21" sl="56" sc="0" el="56" ec="0" bec="0" bev="0" fileid="2" />
                <SequencePoint vc="0" uspid="47" ordinal="0" offset="22" sl="57" sc="0" el="57" ec="0" bec="0" bev="0" fileid="2" />
                <SequencePoint vc="0" uspid="48" ordinal="0" offset="26" sl="60" sc="0" el="60" ec="0" bec="0" bev="0" fileid="2" />
                <SequencePoint vc="0" uspid="49" ordinal="0" offset="52" sl="61" sc="0" el="61" ec="0" bec="0" bev="0" fileid="2" />
                <SequencePoint vc="0" uspid="50" ordinal="0" offset="53" sl="62" sc="0" el="62" ec="0" bec="0" bev="0" fileid="2" />
                <SequencePoint vc="0" uspid="51" ordinal="0" offset="61" sl="63" sc="0" el="63" ec="0" bec="0" bev="0" fileid="2" />
                <SequencePoint vc="0" uspid="52" ordinal="0" offset="62" sl="65" sc="0" el="65" ec="0" bec="0" bev="0" fileid="2" />
                <SequencePoint vc="0" uspid="53" ordinal="0" offset="66" sl="66" sc="0" el="66" ec="0" bec="0" bev="0" fileid="2" />
              </SequencePoints>
              <BranchPoints />
            </Method>
            <Method visited="false" cyclomaticComplexity="0" nPathComplexity="0" sequenceCoverage="0.0" branchCoverage="0" crapScore="0" isConstructor="false" isStatic="false" isGetter="false" isSetter="false">
              <Summary numSequencePoints="9" visitedSequencePoints="0" numBranchPoints="0" visitedBranchPoints="0" sequenceCoverage="0.0" branchCoverage="0" maxCyclomaticComplexity="0" minCyclomaticComplexity="0" maxCrapScore="0" minCrapScore="0" visitedClasses="0" numClasses="0" visitedMethods="0" numMethods="1" />
              <MetadataToken>100663312</MetadataToken>
              <Name>System.Void PortalDefendersAR.GameStates.PlacingObjectState::CreateObjectBasedOnCurrentState(UnityEngine.Pose)</Name>
              <FileRef uid="2" />
              <SequencePoints>
                <SequencePoint vc="0" uspid="54" ordinal="0" offset="0" sl="69" sc="0" el="69" ec="0" bec="0" bev="0" fileid="2" />
                <SequencePoint vc="0" uspid="55" ordinal="0" offset="1" sl="70" sc="0" el="70" ec="0" bec="0" bev="0" fileid="2" />
                <SequencePoint vc="0" uspid="56" ordinal="0" offset="21" sl="73" sc="0" el="73" ec="0" bec="0" bev="0" fileid="2" />
                <SequencePoint vc="0" uspid="57" ordinal="0" offset="34" sl="74" sc="0" el="74" ec="0" bec="0" bev="0" fileid="2" />
                <SequencePoint vc="0" uspid="58" ordinal="0" offset="41" sl="75" sc="0" el="75" ec="0" bec="0" bev="0" fileid="2" />
                <SequencePoint vc="0" uspid="59" ordinal="0" offset="43" sl="77" sc="0" el="77" ec="0" bec="0" bev="0" fileid="2" />
                <SequencePoint vc="0" uspid="60" ordinal="0" offset="56" sl="78" sc="0" el="78" ec="0" bec="0" bev="0" fileid="2" />
                <SequencePoint vc="0" uspid="61" ordinal="0" offset="63" sl="79" sc="0" el="79" ec="0" bec="0" bev="0" fileid="2" />
                <SequencePoint vc="0" uspid="62" ordinal="0" offset="65" sl="81" sc="0" el="81" ec="0" bec="0" bev="0" fileid="2" />
              </SequencePoints>
              <BranchPoints />
            </Method>
            <Method visited="false" cyclomaticComplexity="0" nPathComplexity="0" sequenceCoverage="0.0" branchCoverage="0" crapScore="0" isConstructor="true" isStatic="false" isGetter="false" isSetter="false">
              <Summary numSequencePoints="7" visitedSequencePoints="0" numBranchPoints="0" visitedBranchPoints="0" sequenceCoverage="0.0" branchCoverage="0" maxCyclomaticComplexity="0" minCyclomaticComplexity="0" maxCrapScore="0" minCrapScore="0" visitedClasses="0" numClasses="0" visitedMethods="0" numMethods="1" />
              <MetadataToken>100663307</MetadataToken>
              <Name>PortalDefendersAR.GameStates.PlacingObjectState::PlacingObjectState(PortalDefendersAR.CoreStructures.Portal/Factory, PortalDefendersAR.CoreStructures.Fortress/Factory, PortalDefendersAR.ARModules.IPoseRaycaster, PortalDefendersAR.GameInput.ITouchInputChecker)</Name>
              <FileRef uid="2" />
              <SequencePoints>
                <SequencePoint vc="0" uspid="63" ordinal="0" offset="0" sl="17" sc="0" el="17" ec="0" bec="0" bev="0" fileid="2" />
                <SequencePoint vc="0" uspid="64" ordinal="0" offset="7" sl="21" sc="0" el="21" ec="0" bec="0" bev="0" fileid="2" />
                <SequencePoint vc="0" uspid="65" ordinal="0" offset="8" sl="22" sc="0" el="22" ec="0" bec="0" bev="0" fileid="2" />
                <SequencePoint vc="0" uspid="66" ordinal="0" offset="15" sl="23" sc="0" el="23" ec="0" bec="0" bev="0" fileid="2" />
                <SequencePoint vc="0" uspid="67" ordinal="0" offset="22" sl="24" sc="0" el="24" ec="0" bec="0" bev="0" fileid="2" />
                <SequencePoint vc="0" uspid="68" ordinal="0" offset="29" sl="25" sc="0" el="25" ec="0" bec="0" bev="0" fileid="2" />
                <SequencePoint vc="0" uspid="69" ordinal="0" offset="37" sl="26" sc="0" el="26" ec="0" bec="0" bev="0" fileid="2" />
              </SequencePoints>
              <BranchPoints />
            </Method>
          </Methods>
        </Class>
        <Class>
          <Summary numSequencePoints="6" visitedSequencePoints="0" numBranchPoints="0" visitedBranchPoints="0" sequenceCoverage="0.0" branchCoverage="0.0" maxCyclomaticComplexity="0" minCyclomaticComplexity="0" maxCrapScore="0" minCrapScore="0" visitedClasses="0" numClasses="1" visitedMethods="0" numMethods="3" />
          <FullName>PortalDefendersAR.GameStates.PlayingState</FullName>
          <Methods>
            <Method visited="false" cyclomaticComplexity="0" nPathComplexity="0" sequenceCoverage="0.0" branchCoverage="0" crapScore="0" isConstructor="false" isStatic="false" isGetter="false" isSetter="false">
              <Summary numSequencePoints="2" visitedSequencePoints="0" numBranchPoints="0" visitedBranchPoints="0" sequenceCoverage="0.0" branchCoverage="0" maxCyclomaticComplexity="0" minCyclomaticComplexity="0" maxCrapScore="0" minCrapScore="0" visitedClasses="0" numClasses="0" visitedMethods="0" numMethods="1" />
              <MetadataToken>100663313</MetadataToken>
              <Name>System.Void PortalDefendersAR.GameStates.PlayingState::Enter()</Name>
              <FileRef uid="3" />
              <SequencePoints>
                <SequencePoint vc="0" uspid="70" ordinal="0" offset="0" sl="11" sc="0" el="11" ec="0" bec="0" bev="0" fileid="3" />
                <SequencePoint vc="0" uspid="71" ordinal="0" offset="1" sl="12" sc="0" el="12" ec="0" bec="0" bev="0" fileid="3" />
              </SequencePoints>
              <BranchPoints />
            </Method>
            <Method visited="false" cyclomaticComplexity="0" nPathComplexity="0" sequenceCoverage="0.0" branchCoverage="0" crapScore="0" isConstructor="false" isStatic="false" isGetter="false" isSetter="false">
              <Summary numSequencePoints="2" visitedSequencePoints="0" numBranchPoints="0" visitedBranchPoints="0" sequenceCoverage="0.0" branchCoverage="0" maxCyclomaticComplexity="0" minCyclomaticComplexity="0" maxCrapScore="0" minCrapScore="0" visitedClasses="0" numClasses="0" visitedMethods="0" numMethods="1" />
              <MetadataToken>100663314</MetadataToken>
              <Name>System.Void PortalDefendersAR.GameStates.PlayingState::Exit()</Name>
              <FileRef uid="3" />
              <SequencePoints>
                <SequencePoint vc="0" uspid="72" ordinal="0" offset="0" sl="16" sc="0" el="16" ec="0" bec="0" bev="0" fileid="3" />
                <SequencePoint vc="0" uspid="73" ordinal="0" offset="1" sl="17" sc="0" el="17" ec="0" bec="0" bev="0" fileid="3" />
              </SequencePoints>
              <BranchPoints />
            </Method>
            <Method visited="false" cyclomaticComplexity="0" nPathComplexity="0" sequenceCoverage="0.0" branchCoverage="0" crapScore="0" isConstructor="false" isStatic="false" isGetter="false" isSetter="false">
              <Summary numSequencePoints="2" visitedSequencePoints="0" numBranchPoints="0" visitedBranchPoints="0" sequenceCoverage="0.0" branchCoverage="0" maxCyclomaticComplexity="0" minCyclomaticComplexity="0" maxCrapScore="0" minCrapScore="0" visitedClasses="0" numClasses="0" visitedMethods="0" numMethods="1" />
              <MetadataToken>100663315</MetadataToken>
              <Name>PortalDefendersAR.GameStates.GameState PortalDefendersAR.GameStates.PlayingState::Tick()</Name>
              <FileRef uid="3" />
              <SequencePoints>
                <SequencePoint vc="0" uspid="74" ordinal="0" offset="0" sl="21" sc="0" el="21" ec="0" bec="0" bev="0" fileid="3" />
                <SequencePoint vc="0" uspid="75" ordinal="0" offset="1" sl="22" sc="0" el="22" ec="0" bec="0" bev="0" fileid="3" />
              </SequencePoints>
              <BranchPoints />
            </Method>
          </Methods>
        </Class>
      </Classes>
    </Module>
    <Module>
      <Summary numSequencePoints="14" visitedSequencePoints="0" numBranchPoints="0" visitedBranchPoints="0" sequenceCoverage="0.0" branchCoverage="0.0" maxCyclomaticComplexity="0" minCyclomaticComplexity="0" maxCrapScore="0" minCrapScore="0" visitedClasses="0" numClasses="2" visitedMethods="0" numMethods="6" />
      <ModuleTime>0001-01-01T00:00:00</ModuleTime>
      <ModuleName>PortalDefendersAR.CoreStructures</ModuleName>
      <Files>
        <File uid="4" fullPath="C:/WORK/UNITY/Portal Defenders AR/Assets/Scripts/CoreStructures/Fortress.cs" />
        <File uid="5" fullPath="C:/WORK/UNITY/Portal Defenders AR/Assets/Scripts/CoreStructures/Portal.cs" />
      </Files>
      <Classes>
        <Class>
          <Summary numSequencePoints="7" visitedSequencePoints="0" numBranchPoints="0" visitedBranchPoints="0" sequenceCoverage="0.0" branchCoverage="0.0" maxCyclomaticComplexity="0" minCyclomaticComplexity="0" maxCrapScore="0" minCrapScore="0" visitedClasses="0" numClasses="1" visitedMethods="0" numMethods="3" />
          <FullName>PortalDefendersAR.CoreStructures.Fortress</FullName>
          <Methods>
            <Method visited="false" cyclomaticComplexity="0" nPathComplexity="0" sequenceCoverage="0.0" branchCoverage="0" crapScore="0" isConstructor="false" isStatic="false" isGetter="true" isSetter="false">
              <Summary numSequencePoints="1" visitedSequencePoints="0" numBranchPoints="0" visitedBranchPoints="0" sequenceCoverage="0.0" branchCoverage="0" maxCyclomaticComplexity="0" minCyclomaticComplexity="0" maxCrapScore="0" minCrapScore="0" visitedClasses="0" numClasses="0" visitedMethods="0" numMethods="1" />
              <MetadataToken>100663299</MetadataToken>
              <Name>UnityEngine.Transform PortalDefendersAR.CoreStructures.Fortress::get_Transform()</Name>
              <FileRef uid="4" />
              <SequencePoints>
                <SequencePoint vc="0" uspid="76" ordinal="0" offset="0" sl="10" sc="0" el="10" ec="0" bec="0" bev="0" fileid="4" />
              </SequencePoints>
              <BranchPoints />
            </Method>
            <Method visited="false" cyclomaticComplexity="0" nPathComplexity="0" sequenceCoverage="0.0" branchCoverage="0" crapScore="0" isConstructor="false" isStatic="false" isGetter="false" isSetter="true">
              <Summary numSequencePoints="1" visitedSequencePoints="0" numBranchPoints="0" visitedBranchPoints="0" sequenceCoverage="0.0" branchCoverage="0" maxCyclomaticComplexity="0" minCyclomaticComplexity="0" maxCrapScore="0" minCrapScore="0" visitedClasses="0" numClasses="0" visitedMethods="0" numMethods="1" />
              <MetadataToken>100663300</MetadataToken>
              <Name>System.Void PortalDefendersAR.CoreStructures.Fortress::set_Transform(UnityEngine.Transform)</Name>
              <FileRef uid="4" />
              <SequencePoints>
                <SequencePoint vc="0" uspid="77" ordinal="0" offset="0" sl="10" sc="0" el="10" ec="0" bec="0" bev="0" fileid="4" />
              </SequencePoints>
              <BranchPoints />
            </Method>
            <Method visited="false" cyclomaticComplexity="0" nPathComplexity="0" sequenceCoverage="0.0" branchCoverage="0" crapScore="0" isConstructor="true" isStatic="false" isGetter="false" isSetter="false">
              <Summary numSequencePoints="5" visitedSequencePoints="0" numBranchPoints="0" visitedBranchPoints="0" sequenceCoverage="0.0" branchCoverage="0" maxCyclomaticComplexity="0" minCyclomaticComplexity="0" maxCrapScore="0" minCrapScore="0" visitedClasses="0" numClasses="0" visitedMethods="0" numMethods="1" />
              <MetadataToken>100663301</MetadataToken>
              <Name>PortalDefendersAR.CoreStructures.Fortress::Fortress(UnityEngine.Pose, UnityEngine.Transform)</Name>
              <FileRef uid="4" />
              <SequencePoints>
                <SequencePoint vc="0" uspid="78" ordinal="0" offset="0" sl="12" sc="0" el="12" ec="0" bec="0" bev="0" fileid="4" />
                <SequencePoint vc="0" uspid="79" ordinal="0" offset="7" sl="13" sc="0" el="13" ec="0" bec="0" bev="0" fileid="4" />
                <SequencePoint vc="0" uspid="80" ordinal="0" offset="8" sl="14" sc="0" el="14" ec="0" bec="0" bev="0" fileid="4" />
                <SequencePoint vc="0" uspid="81" ordinal="0" offset="16" sl="15" sc="0" el="15" ec="0" bec="0" bev="0" fileid="4" />
                <SequencePoint vc="0" uspid="82" ordinal="0" offset="40" sl="16" sc="0" el="16" ec="0" bec="0" bev="0" fileid="4" />
              </SequencePoints>
              <BranchPoints />
            </Method>
          </Methods>
        </Class>
        <Class>
          <Summary numSequencePoints="7" visitedSequencePoints="0" numBranchPoints="0" visitedBranchPoints="0" sequenceCoverage="0.0" branchCoverage="0.0" maxCyclomaticComplexity="0" minCyclomaticComplexity="0" maxCrapScore="0" minCrapScore="0" visitedClasses="0" numClasses="1" visitedMethods="0" numMethods="3" />
          <FullName>PortalDefendersAR.CoreStructures.Portal</FullName>
          <Methods>
            <Method visited="false" cyclomaticComplexity="0" nPathComplexity="0" sequenceCoverage="0.0" branchCoverage="0" crapScore="0" isConstructor="false" isStatic="false" isGetter="true" isSetter="false">
              <Summary numSequencePoints="1" visitedSequencePoints="0" numBranchPoints="0" visitedBranchPoints="0" sequenceCoverage="0.0" branchCoverage="0" maxCyclomaticComplexity="0" minCyclomaticComplexity="0" maxCrapScore="0" minCrapScore="0" visitedClasses="0" numClasses="0" visitedMethods="0" numMethods="1" />
              <MetadataToken>100663302</MetadataToken>
              <Name>UnityEngine.Transform PortalDefendersAR.CoreStructures.Portal::get_Transform()</Name>
              <FileRef uid="5" />
              <SequencePoints>
                <SequencePoint vc="0" uspid="83" ordinal="0" offset="0" sl="10" sc="0" el="10" ec="0" bec="0" bev="0" fileid="5" />
              </SequencePoints>
              <BranchPoints />
            </Method>
            <Method visited="false" cyclomaticComplexity="0" nPathComplexity="0" sequenceCoverage="0.0" branchCoverage="0" crapScore="0" isConstructor="false" isStatic="false" isGetter="false" isSetter="true">
              <Summary numSequencePoints="1" visitedSequencePoints="0" numBranchPoints="0" visitedBranchPoints="0" sequenceCoverage="0.0" branchCoverage="0" maxCyclomaticComplexity="0" minCyclomaticComplexity="0" maxCrapScore="0" minCrapScore="0" visitedClasses="0" numClasses="0" visitedMethods="0" numMethods="1" />
              <MetadataToken>100663303</MetadataToken>
              <Name>System.Void PortalDefendersAR.CoreStructures.Portal::set_Transform(UnityEngine.Transform)</Name>
              <FileRef uid="5" />
              <SequencePoints>
                <SequencePoint vc="0" uspid="84" ordinal="0" offset="0" sl="10" sc="0" el="10" ec="0" bec="0" bev="0" fileid="5" />
              </SequencePoints>
              <BranchPoints />
            </Method>
            <Method visited="false" cyclomaticComplexity="0" nPathComplexity="0" sequenceCoverage="0.0" branchCoverage="0" crapScore="0" isConstructor="true" isStatic="false" isGetter="false" isSetter="false">
              <Summary numSequencePoints="5" visitedSequencePoints="0" numBranchPoints="0" visitedBranchPoints="0" sequenceCoverage="0.0" branchCoverage="0" maxCyclomaticComplexity="0" minCyclomaticComplexity="0" maxCrapScore="0" minCrapScore="0" visitedClasses="0" numClasses="0" visitedMethods="0" numMethods="1" />
              <MetadataToken>100663304</MetadataToken>
              <Name>PortalDefendersAR.CoreStructures.Portal::Portal(UnityEngine.Pose, UnityEngine.Transform)</Name>
              <FileRef uid="5" />
              <SequencePoints>
                <SequencePoint vc="0" uspid="85" ordinal="0" offset="0" sl="12" sc="0" el="12" ec="0" bec="0" bev="0" fileid="5" />
                <SequencePoint vc="0" uspid="86" ordinal="0" offset="7" sl="13" sc="0" el="13" ec="0" bec="0" bev="0" fileid="5" />
                <SequencePoint vc="0" uspid="87" ordinal="0" offset="8" sl="14" sc="0" el="14" ec="0" bec="0" bev="0" fileid="5" />
                <SequencePoint vc="0" uspid="88" ordinal="0" offset="16" sl="15" sc="0" el="15" ec="0" bec="0" bev="0" fileid="5" />
                <SequencePoint vc="0" uspid="89" ordinal="0" offset="40" sl="16" sc="0" el="16" ec="0" bec="0" bev="0" fileid="5" />
              </SequencePoints>
              <BranchPoints />
            </Method>
          </Methods>
        </Class>
      </Classes>
    </Module>
  </Modules>
</CoverageSession>